<?xml version="1.0" encoding="UTF-8"?>
<testng-results ignored="0" total="1" passed="1" failed="0" skipped="0">
  <reporter-output>
  </reporter-output>
  <suite started-at="2022-07-28T17:56:34Z" name="Default suite" finished-at="2022-07-28T17:56:41Z" duration-ms="6695">
    <groups>
    </groups>
    <test started-at="2022-07-28T17:56:34Z" name="Default test" finished-at="2022-07-28T17:56:41Z" duration-ms="6695">
      <class name="jDBC.Sample_MavenParamenterTest">
        <test-method signature="sampleTest()[pri:0, instance:jDBC.Sample_MavenParamenterTest@7d446ed1]" started-at="2022-07-28T17:56:34Z" name="sampleTest" finished-at="2022-07-28T17:56:41Z" duration-ms="6671" status="PASS">
          <reporter-output>
          </reporter-output>
        </test-method> <!-- sampleTest -->
      </class> <!-- jDBC.Sample_MavenParamenterTest -->
    </test> <!-- Default test -->
  </suite> <!-- Default suite -->
</testng-results>
